<?xml version="1.0" encoding="UTF-8"?>
<testsuite xmlns:xsi="http://www.w3.org/2001/XMLSchema-instance" xsi:noNamespaceSchemaLocation="https://maven.apache.org/surefire/maven-surefire-plugin/xsd/surefire-test-report-3.0.xsd" version="3.0" name="com.exsim.service.MarketDataLoadServiceTest" time="0.004" tests="2" errors="0" skipped="0" failures="0">
  <properties>
    <property name="java.specification.version" value="17"/>
    <property name="sun.jnu.encoding" value="UTF-8"/>
    <property name="java.class.path" value="/Users/sukrutirai/Desktop/FYPEXCHANGESIMULATOR/WS_2025/target/test-classes:/Users/sukrutirai/Desktop/FYPEXCHANGESIMULATOR/WS_2025/target/classes:/Users/sukrutirai/.m2/repository/org/quickfixj/quickfixj-core/1.6.4/quickfixj-core-1.6.4.jar:/Users/sukrutirai/.m2/repository/org/apache/mina/mina-core/2.0.16/mina-core-2.0.16.jar:/Users/sukrutirai/.m2/repository/org/quickfixj/quickfixj-messages-all/1.6.4/quickfixj-messages-all-1.6.4.jar:/Users/sukrutirai/.m2/repository/org/slf4j/slf4j-api/1.7.22/slf4j-api-1.7.22.jar:/Users/sukrutirai/.m2/repository/org/slf4j/slf4j-jdk14/1.7.22/slf4j-jdk14-1.7.22.jar:/Users/sukrutirai/.m2/repository/com/fasterxml/jackson/core/jackson-databind/2.12.3/jackson-databind-2.12.3.jar:/Users/sukrutirai/.m2/repository/com/fasterxml/jackson/core/jackson-annotations/2.12.3/jackson-annotations-2.12.3.jar:/Users/sukrutirai/.m2/repository/com/fasterxml/jackson/core/jackson-core/2.12.3/jackson-core-2.12.3.jar:/Users/sukrutirai/.m2/repository/com/h2database/h2/2.1.214/h2-2.1.214.jar:/Users/sukrutirai/.m2/repository/org/junit/jupiter/junit-jupiter/5.10.0/junit-jupiter-5.10.0.jar:/Users/sukrutirai/.m2/repository/org/junit/jupiter/junit-jupiter-api/5.10.0/junit-jupiter-api-5.10.0.jar:/Users/sukrutirai/.m2/repository/org/opentest4j/opentest4j/1.3.0/opentest4j-1.3.0.jar:/Users/sukrutirai/.m2/repository/org/junit/platform/junit-platform-commons/1.10.0/junit-platform-commons-1.10.0.jar:/Users/sukrutirai/.m2/repository/org/apiguardian/apiguardian-api/1.1.2/apiguardian-api-1.1.2.jar:/Users/sukrutirai/.m2/repository/org/junit/jupiter/junit-jupiter-params/5.10.0/junit-jupiter-params-5.10.0.jar:/Users/sukrutirai/.m2/repository/org/junit/jupiter/junit-jupiter-engine/5.10.0/junit-jupiter-engine-5.10.0.jar:/Users/sukrutirai/.m2/repository/org/junit/platform/junit-platform-engine/1.10.0/junit-platform-engine-1.10.0.jar:/Users/sukrutirai/.m2/repository/org/mockito/mockito-core/5.10.0/mockito-core-5.10.0.jar:/Users/sukrutirai/.m2/repository/net/bytebuddy/byte-buddy/1.14.11/byte-buddy-1.14.11.jar:/Users/sukrutirai/.m2/repository/net/bytebuddy/byte-buddy-agent/1.14.11/byte-buddy-agent-1.14.11.jar:/Users/sukrutirai/.m2/repository/org/objenesis/objenesis/3.3/objenesis-3.3.jar:/Users/sukrutirai/.m2/repository/org/postgresql/postgresql/42.7.2/postgresql-42.7.2.jar:/Users/sukrutirai/.m2/repository/org/checkerframework/checker-qual/3.42.0/checker-qual-3.42.0.jar:"/>
    <property name="java.vm.vendor" value="Oracle Corporation"/>
    <property name="sun.arch.data.model" value="64"/>
    <property name="java.vendor.url" value="https://java.oracle.com/"/>
    <property name="user.timezone" value="Asia/Hong_Kong"/>
    <property name="os.name" value="Mac OS X"/>
    <property name="java.vm.specification.version" value="17"/>
    <property name="sun.java.launcher" value="SUN_STANDARD"/>
    <property name="user.country" value="HK"/>
    <property name="sun.boot.library.path" value="/Library/Java/JavaVirtualMachines/jdk-17.jdk/Contents/Home/lib"/>
    <property name="sun.java.command" value="/Users/sukrutirai/Desktop/FYPEXCHANGESIMULATOR/WS_2025/target/surefire/surefirebooter-20250421020211798_3.jar /Users/sukrutirai/Desktop/FYPEXCHANGESIMULATOR/WS_2025/target/surefire 2025-04-21T02-02-11_725-jvmRun1 surefire-20250421020211798_1tmp surefire_0-20250421020211798_2tmp"/>
    <property name="http.nonProxyHosts" value="local|*.local|169.254/16|*.169.254/16"/>
    <property name="jdk.debug" value="release"/>
    <property name="surefire.test.class.path" value="/Users/sukrutirai/Desktop/FYPEXCHANGESIMULATOR/WS_2025/target/test-classes:/Users/sukrutirai/Desktop/FYPEXCHANGESIMULATOR/WS_2025/target/classes:/Users/sukrutirai/.m2/repository/org/quickfixj/quickfixj-core/1.6.4/quickfixj-core-1.6.4.jar:/Users/sukrutirai/.m2/repository/org/apache/mina/mina-core/2.0.16/mina-core-2.0.16.jar:/Users/sukrutirai/.m2/repository/org/quickfixj/quickfixj-messages-all/1.6.4/quickfixj-messages-all-1.6.4.jar:/Users/sukrutirai/.m2/repository/org/slf4j/slf4j-api/1.7.22/slf4j-api-1.7.22.jar:/Users/sukrutirai/.m2/repository/org/slf4j/slf4j-jdk14/1.7.22/slf4j-jdk14-1.7.22.jar:/Users/sukrutirai/.m2/repository/com/fasterxml/jackson/core/jackson-databind/2.12.3/jackson-databind-2.12.3.jar:/Users/sukrutirai/.m2/repository/com/fasterxml/jackson/core/jackson-annotations/2.12.3/jackson-annotations-2.12.3.jar:/Users/sukrutirai/.m2/repository/com/fasterxml/jackson/core/jackson-core/2.12.3/jackson-core-2.12.3.jar:/Users/sukrutirai/.m2/repository/com/h2database/h2/2.1.214/h2-2.1.214.jar:/Users/sukrutirai/.m2/repository/org/junit/jupiter/junit-jupiter/5.10.0/junit-jupiter-5.10.0.jar:/Users/sukrutirai/.m2/repository/org/junit/jupiter/junit-jupiter-api/5.10.0/junit-jupiter-api-5.10.0.jar:/Users/sukrutirai/.m2/repository/org/opentest4j/opentest4j/1.3.0/opentest4j-1.3.0.jar:/Users/sukrutirai/.m2/repository/org/junit/platform/junit-platform-commons/1.10.0/junit-platform-commons-1.10.0.jar:/Users/sukrutirai/.m2/repository/org/apiguardian/apiguardian-api/1.1.2/apiguardian-api-1.1.2.jar:/Users/sukrutirai/.m2/repository/org/junit/jupiter/junit-jupiter-params/5.10.0/junit-jupiter-params-5.10.0.jar:/Users/sukrutirai/.m2/repository/org/junit/jupiter/junit-jupiter-engine/5.10.0/junit-jupiter-engine-5.10.0.jar:/Users/sukrutirai/.m2/repository/org/junit/platform/junit-platform-engine/1.10.0/junit-platform-engine-1.10.0.jar:/Users/sukrutirai/.m2/repository/org/mockito/mockito-core/5.10.0/mockito-core-5.10.0.jar:/Users/sukrutirai/.m2/repository/net/bytebuddy/byte-buddy/1.14.11/byte-buddy-1.14.11.jar:/Users/sukrutirai/.m2/repository/net/bytebuddy/byte-buddy-agent/1.14.11/byte-buddy-agent-1.14.11.jar:/Users/sukrutirai/.m2/repository/org/objenesis/objenesis/3.3/objenesis-3.3.jar:/Users/sukrutirai/.m2/repository/org/postgresql/postgresql/42.7.2/postgresql-42.7.2.jar:/Users/sukrutirai/.m2/repository/org/checkerframework/checker-qual/3.42.0/checker-qual-3.42.0.jar:"/>
    <property name="sun.cpu.endian" value="little"/>
    <property name="user.home" value="/Users/sukrutirai"/>
    <property name="user.language" value="en"/>
    <property name="java.specification.vendor" value="Oracle Corporation"/>
    <property name="java.version.date" value="2024-07-16"/>
    <property name="java.home" value="/Library/Java/JavaVirtualMachines/jdk-17.jdk/Contents/Home"/>
    <property name="file.separator" value="/"/>
    <property name="basedir" value="/Users/sukrutirai/Desktop/FYPEXCHANGESIMULATOR/WS_2025"/>
    <property name="java.vm.compressedOopsMode" value="Zero based"/>
    <property name="line.separator" value="&#10;"/>
    <property name="java.vm.specification.vendor" value="Oracle Corporation"/>
    <property name="java.specification.name" value="Java Platform API Specification"/>
    <property name="surefire.real.class.path" value="/Users/sukrutirai/Desktop/FYPEXCHANGESIMULATOR/WS_2025/target/surefire/surefirebooter-20250421020211798_3.jar"/>
    <property name="sun.management.compiler" value="HotSpot 64-Bit Tiered Compilers"/>
    <property name="ftp.nonProxyHosts" value="local|*.local|169.254/16|*.169.254/16"/>
    <property name="java.runtime.version" value="17.0.12+8-LTS-286"/>
    <property name="user.name" value="sukrutirai"/>
    <property name="path.separator" value=":"/>
    <property name="os.version" value="13.2.1"/>
    <property name="java.runtime.name" value="Java(TM) SE Runtime Environment"/>
    <property name="file.encoding" value="US-ASCII"/>
    <property name="java.vm.name" value="Java HotSpot(TM) 64-Bit Server VM"/>
    <property name="localRepository" value="/Users/sukrutirai/.m2/repository"/>
    <property name="java.vendor.url.bug" value="https://bugreport.java.com/bugreport/"/>
    <property name="java.io.tmpdir" value="/var/folders/m3/w8gc3wzx2mnc28qbyr6rjx300000gn/T/"/>
    <property name="idea.version" value="2024.2.1"/>
    <property name="java.version" value="17.0.12"/>
    <property name="user.dir" value="/Users/sukrutirai/Desktop/FYPEXCHANGESIMULATOR/WS_2025"/>
    <property name="os.arch" value="aarch64"/>
    <property name="java.vm.specification.name" value="Java Virtual Machine Specification"/>
    <property name="native.encoding" value="US-ASCII"/>
    <property name="java.library.path" value="/Users/sukrutirai/Library/Java/Extensions:/Library/Java/Extensions:/Network/Library/Java/Extensions:/System/Library/Java/Extensions:/usr/lib/java:."/>
    <property name="java.vm.info" value="mixed mode, sharing"/>
    <property name="java.vendor" value="Oracle Corporation"/>
    <property name="java.vm.version" value="17.0.12+8-LTS-286"/>
    <property name="sun.io.unicode.encoding" value="UnicodeBig"/>
    <property name="socksNonProxyHosts" value="local|*.local|169.254/16|*.169.254/16"/>
    <property name="java.class.version" value="61.0"/>
  </properties>
  <testcase name="testGetAskpriceReturnsCorrectValue" classname="com.exsim.service.MarketDataLoadServiceTest" time="0.002"/>
  <testcase name="testGetBidpriceReturnsCorrectValue" classname="com.exsim.service.MarketDataLoadServiceTest" time="0.001"/>
</testsuite>